<?xml version="1.0" encoding="UTF-8"?>
<testsuite name="setup.HolaWorldTest" tests="3" skipped="0" failures="0" errors="0" timestamp="2021-07-15T21:37:22" hostname="DESKTOP-MCODU8R" time="0.012">
  <properties/>
  <testcase name="testCrash" classname="setup.HolaWorldTest" time="0.006"/>
  <testcase name="testMainOutput" classname="setup.HolaWorldTest" time="0.005"/>
  <testcase name="testGreeting" classname="setup.HolaWorldTest" time="0.001"/>
  <system-out><![CDATA[Hello World!
Hola Mundo!
]]></system-out>
  <system-err><![CDATA[]]></system-err>
</testsuite>
