<?xml version="1.0" encoding="UTF-8"?>
<testsuite name="setup.FibonacciTest" tests="4" skipped="0" failures="0" errors="0" timestamp="2021-07-15T21:37:22" hostname="DESKTOP-MCODU8R" time="0.006">
  <properties/>
  <testcase name="testThrowsIllegalArgumentException" classname="setup.FibonacciTest" time="0.001"/>
  <testcase name="testBaseCase" classname="setup.FibonacciTest" time="0.0"/>
  <testcase name="expectedIllegalArgumentException" classname="setup.FibonacciTest" time="0.003"/>
  <testcase name="testInductiveCase" classname="setup.FibonacciTest" time="0.001"/>
  <system-out><![CDATA[]]></system-out>
  <system-err><![CDATA[]]></system-err>
</testsuite>
