<?xml version="1.0" encoding="UTF-8"?>
<testsuite name="graph.junitTests.GraphTest" tests="8" skipped="0" failures="0" errors="0" timestamp="2021-07-31T00:56:30" hostname="DESKTOP-MCODU8R" time="0.094">
  <properties/>
  <testcase name="popNodeNullExceptionTest" classname="graph.junitTests.GraphTest" time="0.024"/>
  <testcase name="popEdgeNullExceptionTest" classname="graph.junitTests.GraphTest" time="0.003"/>
  <testcase name="isPresentNullExceptionTest" classname="graph.junitTests.GraphTest" time="0.002"/>
  <testcase name="isEdgeNullExceptionTest" classname="graph.junitTests.GraphTest" time="0.034"/>
  <testcase name="isEdgeTest" classname="graph.junitTests.GraphTest" time="0.008"/>
  <testcase name="popNodeTest" classname="graph.junitTests.GraphTest" time="0.006"/>
  <testcase name="popEdgeTest" classname="graph.junitTests.GraphTest" time="0.001"/>
  <testcase name="isPresentTest" classname="graph.junitTests.GraphTest" time="0.005"/>
  <system-out><![CDATA[]]></system-out>
  <system-err><![CDATA[]]></system-err>
</testsuite>
